<?xml version="1.0" encoding="UTF-8"?>
<!-- Generated by org.testng.reporters.JUnitXMLReporter -->
<testsuite hostname="DESKTOP-OOK8V5B" ignored="0" name="Interview test" tests="2" failures="0" timestamp="17 Dec 2016 08:24:54 GMT" time="12.375" errors="0">
  <testcase name="googleCheeseExample" time="0.171" classname="automation_test_interview.GoogleExampleIT"/>
  <testcase name="googleMilkExample" time="0.156" classname="automation_test_interview.GoogleExampleIT"/>
</testsuite> <!-- Interview test -->
